<?xml version="1.0" encoding="UTF-8"?>
<testng-results ignored="0" total="1" passed="1" failed="0" skipped="0">
  <reporter-output>
  </reporter-output>
  <suite started-at="2023-05-04T16:02:22 IST" name="Default suite" finished-at="2023-05-04T16:04:14 IST" duration-ms="111644">
    <groups>
    </groups>
    <test started-at="2023-05-04T16:02:22 IST" name="Default test" finished-at="2023-05-04T16:04:14 IST" duration-ms="111644">
      <class name="sample.example.cia2">
        <test-method is-config="true" signature="beforeTest()[pri:0, instance:sample.example.cia2@31fa1761]" started-at="2023-05-04T16:02:22 IST" name="beforeTest" finished-at="2023-05-04T16:02:28 IST" duration-ms="5265" status="PASS">
          <reporter-output>
          </reporter-output>
        </test-method> <!-- beforeTest -->
        <test-method signature="Test()[pri:0, instance:sample.example.cia2@31fa1761]" started-at="2023-05-04T16:02:28 IST" name="Test" finished-at="2023-05-04T16:04:14 IST" duration-ms="106090" status="PASS">
          <reporter-output>
          </reporter-output>
        </test-method> <!-- Test -->
        <test-method is-config="true" signature="afterTest()[pri:0, instance:sample.example.cia2@31fa1761]" started-at="2023-05-04T16:04:14 IST" name="afterTest" finished-at="2023-05-04T16:04:14 IST" duration-ms="268" status="PASS">
          <reporter-output>
          </reporter-output>
        </test-method> <!-- afterTest -->
      </class> <!-- sample.example.cia2 -->
    </test> <!-- Default test -->
  </suite> <!-- Default suite -->
</testng-results>
